<?xml version="1.0" encoding="UTF-8"?>
<!-- Generated by org.testng.reporters.JUnitReportReporter -->
<testsuite hostname="DESKTOP-U691P5C" failures="0" tests="1" name="apiSmales.DetaProvider" time="0.007" errors="0" timestamp="2024-01-23T13:02:43 IST" skipped="0">
  <testcase classname="apiSmales.DetaProvider" name="getData" time="0.007"/>
</testsuite> <!-- apiSmales.DetaProvider -->
