<?xml version="1.0" encoding="UTF-8"?>
<!-- Generated by org.testng.reporters.JUnitReportReporter -->
<testsuite hostname="DESKTOP-U691P5C" failures="0" tests="1" name="apiSmales.BasicPractice" time="4.121" errors="0" timestamp="2024-01-23T11:54:23 IST" skipped="0">
  <testcase classname="apiSmales.BasicPractice" name="getHttpPost" time="4.121"/>
</testsuite> <!-- apiSmales.BasicPractice -->
