<?xml version="1.0" encoding="UTF-8"?>
<!-- Generated by org.testng.reporters.JUnitReportReporter -->
<testsuite hostname="DESKTOP-U691P5C" failures="0" tests="3" name="apiSmales.Dynamicjson" time="4.905" errors="0" timestamp="2024-02-19T09:20:45 IST" skipped="0">
  <testcase classname="apiSmales.Dynamicjson" name="addBook" time="0.202"/>
  <testcase classname="apiSmales.Dynamicjson" name="addBook" time="4.475"/>
  <testcase classname="apiSmales.Dynamicjson" name="addBook" time="0.228"/>
</testsuite> <!-- apiSmales.Dynamicjson -->
