<?xml version="1.0" encoding="UTF-8"?>
<!-- Generated by org.testng.reporters.JUnitReportReporter -->
<testsuite hostname="DESKTOP-U691P5C" failures="0" tests="10" name="apiSmales.ComplexJsonParse" time="1.955" errors="0" timestamp="2024-01-25T23:33:56 IST" skipped="0">
  <testcase classname="apiSmales.ComplexJsonParse" name="getFristCourseTitleAndPrice" time="0.130"/>
  <testcase classname="apiSmales.ComplexJsonParse" name="getRFACoursecopies" time="0.058"/>
  <testcase classname="apiSmales.ComplexJsonParse" name="getCoursesSize" time="1.426"/>
  <testcase classname="apiSmales.ComplexJsonParse" name="getThroadCourseTitle" time="0.016"/>
  <testcase classname="apiSmales.ComplexJsonParse" name="getFristCourseTitle" time="0.077"/>
  <testcase classname="apiSmales.ComplexJsonParse" name="getTotalCourseTitle" time="0.016"/>
  <testcase classname="apiSmales.ComplexJsonParse" name="sumOfCoursePrice" time="0.133"/>
  <testcase classname="apiSmales.ComplexJsonParse" name="getPurchaseAmount" time="0.019"/>
  <testcase classname="apiSmales.ComplexJsonParse" name="getSecoundCourseTitle" time="0.019"/>
  <testcase classname="apiSmales.ComplexJsonParse" name="getSumOfAllCoursePrice" time="0.061"/>
</testsuite> <!-- apiSmales.ComplexJsonParse -->
